Base path: C:/Program Files/Unity/Editor/Data
Cmd: getPlatforms
<<<<<<< HEAD
Cmd: compileSnippet
  api=4 type=0 insize=885 outsize=370 kw= pd=UNITY_ENABLE_REFLECTION_BUFFERS UNITY_PBS_USE_BRDF1 UNITY_SPECCUBE_BOX_PROJECTION UNITY_SPECCUBE_BLENDING SHADER_API_DESKTOP UNITY_HARDWARE_TIER3 UNITY_COLORSPACE_GAMMA ok=1
Cmd: compileSnippet
  api=4 type=1 insize=885 outsize=226 kw= pd=UNITY_ENABLE_REFLECTION_BUFFERS UNITY_PBS_USE_BRDF1 UNITY_SPECCUBE_BOX_PROJECTION UNITY_SPECCUBE_BLENDING SHADER_API_DESKTOP UNITY_HARDWARE_TIER3 UNITY_COLORSPACE_GAMMA ok=1
=======
Cmd: preprocess
  insize=2779 outsize=3300 ok=1
Cmd: preprocess
  insize=2164 outsize=1627 ok=1
Cmd: preprocess
  insize=4503 outsize=657 ok=1
Cmd: preprocess
  insize=2067 outsize=1088 ok=1
Cmd: preprocess
  insize=2059 outsize=1083 ok=1
Cmd: preprocess
  insize=2935 outsize=902 ok=1
Cmd: preprocess
  insize=12649 outsize=6122 ok=1
Cmd: preprocess
  insize=911 outsize=330 ok=1
Cmd: preprocess
  insize=2205 outsize=1668 ok=1
Cmd: preprocess
  insize=2831 outsize=2954 ok=1
Cmd: preprocess
  insize=2535 outsize=3058 ok=1
Cmd: preprocess
  insize=4470 outsize=674 ok=1
Cmd: preprocess
  insize=1425 outsize=609 ok=1
Cmd: preprocess
  insize=2587 outsize=2714 ok=1
Cmd: preprocess
  insize=2583 outsize=1976 ok=1
Cmd: preprocess
  insize=2543 outsize=1936 ok=1
Cmd: preprocess
  insize=449 outsize=446 ok=1
Cmd: preprocess
  insize=4626 outsize=808 ok=1
Cmd: preprocess
  insize=1451 outsize=636 ok=1
Cmd: preprocess
  insize=1074 outsize=363 ok=1
Cmd: preprocess
  insize=5844 outsize=923 ok=1
>>>>>>> d165087ac176b1d0e470bb84aa21f926c84787c4
